[1203/001754.042:INFO:CONSOLE(0)] "Error with Permissions-Policy header: Unrecognized feature: 'ambient-light-sensor'.", source:  (0)
[1203/001754.042:INFO:CONSOLE(0)] "Error with Permissions-Policy header: Unrecognized feature: 'bluetooth'.", source:  (0)
[1203/001754.043:INFO:CONSOLE(0)] "Error with Permissions-Policy header: Unrecognized feature: 'local-fonts'.", source:  (0)
[1203/001754.043:INFO:CONSOLE(0)] "Error with Permissions-Policy header: Unrecognized feature: 'window-management'.", source:  (0)
[1203/001754.787:INFO:CONSOLE(215)] "Another connection wants to delete database 'wawc'. Closing db now to resume the delete request.", source: https://web.whatsapp.com/serviceworker.js (215)
[1203/001754.787:INFO:CONSOLE(215)] "Another connection wants to delete database 'wawc'. Closing db now to resume the delete request.", source: https://web.whatsapp.com/serviceworker.js (215)
[1203/002056.528:ERROR:cache_util_win.cc(20)] Unable to move the cache: Access is denied. (0x5)
[1203/002056.528:ERROR:cache_util.cc(146)] Unable to move cache folder D:\wabot\.wwebjs_auth\session\Default\GPUCache to D:\wabot\.wwebjs_auth\session\Default\old_GPUCache_000
[1203/002056.528:ERROR:disk_cache.cc(192)] Unable to create cache
[1203/002056.528:ERROR:shader_disk_cache.cc(612)] Shader Cache Creation failed: -2
[1203/002057.750:ERROR:cache_util_win.cc(20)] Unable to move the cache: Access is denied. (0x5)
[1203/002057.751:ERROR:cache_util.cc(146)] Unable to move cache folder D:\wabot\.wwebjs_auth\session\Default\Cache\Cache_Data to D:\wabot\.wwebjs_auth\session\Default\Cache\old_Cache_Data_000
[1203/002057.751:ERROR:disk_cache.cc(192)] Unable to create cache
[1203/002058.056:INFO:CONSOLE(0)] "Error with Permissions-Policy header: Unrecognized feature: 'ambient-light-sensor'.", source:  (0)
[1203/002058.056:INFO:CONSOLE(0)] "Error with Permissions-Policy header: Unrecognized feature: 'bluetooth'.", source:  (0)
[1203/002058.057:INFO:CONSOLE(0)] "Error with Permissions-Policy header: Unrecognized feature: 'local-fonts'.", source:  (0)
[1203/002058.057:INFO:CONSOLE(0)] "Error with Permissions-Policy header: Unrecognized feature: 'window-management'.", source:  (0)
[1203/002058.951:ERROR:leveldb_factory.cc(88)] Failed to open LevelDB database from D:\wabot\.wwebjs_auth\session\Default\IndexedDB\https_web.whatsapp.com_0.indexeddb.leveldb,IO error: D:\wabot\.wwebjs_auth\session\Default\IndexedDB\https_web.whatsapp.com_0.indexeddb.leveldb/LOCK: File currently in use. (ChromeMethodBFE: 15::LockFile::2)
[1203/002059.965:ERROR:leveldb_factory.cc(88)] Failed to open LevelDB database from D:\wabot\.wwebjs_auth\session\Default\IndexedDB\https_web.whatsapp.com_0.indexeddb.leveldb,IO error: D:\wabot\.wwebjs_auth\session\Default\IndexedDB\https_web.whatsapp.com_0.indexeddb.leveldb/LOCK: File currently in use. (ChromeMethodBFE: 15::LockFile::2)
[1203/002100.983:ERROR:leveldb_factory.cc(88)] Failed to open LevelDB database from D:\wabot\.wwebjs_auth\session\Default\IndexedDB\https_web.whatsapp.com_0.indexeddb.leveldb,IO error: D:\wabot\.wwebjs_auth\session\Default\IndexedDB\https_web.whatsapp.com_0.indexeddb.leveldb/LOCK: File currently in use. (ChromeMethodBFE: 15::LockFile::2)
[1203/002101.990:ERROR:leveldb_factory.cc(88)] Failed to open LevelDB database from D:\wabot\.wwebjs_auth\session\Default\IndexedDB\https_web.whatsapp.com_0.indexeddb.leveldb,IO error: D:\wabot\.wwebjs_auth\session\Default\IndexedDB\https_web.whatsapp.com_0.indexeddb.leveldb/LOCK: File currently in use. (ChromeMethodBFE: 15::LockFile::2)
[1203/002103.003:ERROR:leveldb_factory.cc(88)] Failed to open LevelDB database from D:\wabot\.wwebjs_auth\session\Default\IndexedDB\https_web.whatsapp.com_0.indexeddb.leveldb,IO error: D:\wabot\.wwebjs_auth\session\Default\IndexedDB\https_web.whatsapp.com_0.indexeddb.leveldb/LOCK: File currently in use. (ChromeMethodBFE: 15::LockFile::2)
[1203/002104.016:ERROR:leveldb_factory.cc(88)] Failed to open LevelDB database from D:\wabot\.wwebjs_auth\session\Default\IndexedDB\https_web.whatsapp.com_0.indexeddb.leveldb,IO error: D:\wabot\.wwebjs_auth\session\Default\IndexedDB\https_web.whatsapp.com_0.indexeddb.leveldb/LOCK: File currently in use. (ChromeMethodBFE: 15::LockFile::2)
[1203/002105.031:ERROR:leveldb_factory.cc(88)] Failed to open LevelDB database from D:\wabot\.wwebjs_auth\session\Default\IndexedDB\https_web.whatsapp.com_0.indexeddb.leveldb,IO error: D:\wabot\.wwebjs_auth\session\Default\IndexedDB\https_web.whatsapp.com_0.indexeddb.leveldb/LOCK: File currently in use. (ChromeMethodBFE: 15::LockFile::2)
[1203/002106.047:ERROR:leveldb_factory.cc(88)] Failed to open LevelDB database from D:\wabot\.wwebjs_auth\session\Default\IndexedDB\https_web.whatsapp.com_0.indexeddb.leveldb,IO error: D:\wabot\.wwebjs_auth\session\Default\IndexedDB\https_web.whatsapp.com_0.indexeddb.leveldb/LOCK: File currently in use. (ChromeMethodBFE: 15::LockFile::2)
[1203/002107.060:ERROR:leveldb_factory.cc(88)] Failed to open LevelDB database from D:\wabot\.wwebjs_auth\session\Default\IndexedDB\https_web.whatsapp.com_0.indexeddb.leveldb,IO error: D:\wabot\.wwebjs_auth\session\Default\IndexedDB\https_web.whatsapp.com_0.indexeddb.leveldb/LOCK: File currently in use. (ChromeMethodBFE: 15::LockFile::2)
[1203/002108.075:ERROR:leveldb_factory.cc(88)] Failed to open LevelDB database from D:\wabot\.wwebjs_auth\session\Default\IndexedDB\https_web.whatsapp.com_0.indexeddb.leveldb,IO error: D:\wabot\.wwebjs_auth\session\Default\IndexedDB\https_web.whatsapp.com_0.indexeddb.leveldb/LOCK: File currently in use. (ChromeMethodBFE: 15::LockFile::2)
[1203/002109.089:ERROR:leveldb_factory.cc(88)] Failed to open LevelDB database from D:\wabot\.wwebjs_auth\session\Default\IndexedDB\https_web.whatsapp.com_0.indexeddb.leveldb,IO error: D:\wabot\.wwebjs_auth\session\Default\IndexedDB\https_web.whatsapp.com_0.indexeddb.leveldb/LOCK: File currently in use. (ChromeMethodBFE: 15::LockFile::2)
[1203/002110.093:ERROR:leveldb_factory.cc(88)] Failed to open LevelDB database from D:\wabot\.wwebjs_auth\session\Default\IndexedDB\https_web.whatsapp.com_0.indexeddb.leveldb,IO error: D:\wabot\.wwebjs_auth\session\Default\IndexedDB\https_web.whatsapp.com_0.indexeddb.leveldb/LOCK: File currently in use. (ChromeMethodBFE: 15::LockFile::2)
[1203/002111.113:ERROR:leveldb_factory.cc(88)] Failed to open LevelDB database from D:\wabot\.wwebjs_auth\session\Default\IndexedDB\https_web.whatsapp.com_0.indexeddb.leveldb,IO error: D:\wabot\.wwebjs_auth\session\Default\IndexedDB\https_web.whatsapp.com_0.indexeddb.leveldb/LOCK: File currently in use. (ChromeMethodBFE: 15::LockFile::2)
[1203/002112.129:ERROR:leveldb_factory.cc(88)] Failed to open LevelDB database from D:\wabot\.wwebjs_auth\session\Default\IndexedDB\https_web.whatsapp.com_0.indexeddb.leveldb,IO error: D:\wabot\.wwebjs_auth\session\Default\IndexedDB\https_web.whatsapp.com_0.indexeddb.leveldb/LOCK: File currently in use. (ChromeMethodBFE: 15::LockFile::2)
[1203/002113.146:ERROR:leveldb_factory.cc(88)] Failed to open LevelDB database from D:\wabot\.wwebjs_auth\session\Default\IndexedDB\https_web.whatsapp.com_0.indexeddb.leveldb,IO error: D:\wabot\.wwebjs_auth\session\Default\IndexedDB\https_web.whatsapp.com_0.indexeddb.leveldb/LOCK: File currently in use. (ChromeMethodBFE: 15::LockFile::2)
[1203/002114.150:ERROR:leveldb_factory.cc(88)] Failed to open LevelDB database from D:\wabot\.wwebjs_auth\session\Default\IndexedDB\https_web.whatsapp.com_0.indexeddb.leveldb,IO error: D:\wabot\.wwebjs_auth\session\Default\IndexedDB\https_web.whatsapp.com_0.indexeddb.leveldb/LOCK: File currently in use. (ChromeMethodBFE: 15::LockFile::2)
[1203/002115.169:ERROR:leveldb_factory.cc(88)] Failed to open LevelDB database from D:\wabot\.wwebjs_auth\session\Default\IndexedDB\https_web.whatsapp.com_0.indexeddb.leveldb,IO error: D:\wabot\.wwebjs_auth\session\Default\IndexedDB\https_web.whatsapp.com_0.indexeddb.leveldb/LOCK: File currently in use. (ChromeMethodBFE: 15::LockFile::2)
[1203/002116.219:ERROR:leveldb_factory.cc(88)] Failed to open LevelDB database from D:\wabot\.wwebjs_auth\session\Default\IndexedDB\https_web.whatsapp.com_0.indexeddb.leveldb,IO error: D:\wabot\.wwebjs_auth\session\Default\IndexedDB\https_web.whatsapp.com_0.indexeddb.leveldb/LOCK: File currently in use. (ChromeMethodBFE: 15::LockFile::2)
[1203/002117.239:ERROR:leveldb_factory.cc(88)] Failed to open LevelDB database from D:\wabot\.wwebjs_auth\session\Default\IndexedDB\https_web.whatsapp.com_0.indexeddb.leveldb,IO error: D:\wabot\.wwebjs_auth\session\Default\IndexedDB\https_web.whatsapp.com_0.indexeddb.leveldb/LOCK: File currently in use. (ChromeMethodBFE: 15::LockFile::2)
[1203/002118.254:ERROR:leveldb_factory.cc(88)] Failed to open LevelDB database from D:\wabot\.wwebjs_auth\session\Default\IndexedDB\https_web.whatsapp.com_0.indexeddb.leveldb,IO error: D:\wabot\.wwebjs_auth\session\Default\IndexedDB\https_web.whatsapp.com_0.indexeddb.leveldb/LOCK: File currently in use. (ChromeMethodBFE: 15::LockFile::2)
[1203/002119.271:ERROR:leveldb_factory.cc(88)] Failed to open LevelDB database from D:\wabot\.wwebjs_auth\session\Default\IndexedDB\https_web.whatsapp.com_0.indexeddb.leveldb,IO error: D:\wabot\.wwebjs_auth\session\Default\IndexedDB\https_web.whatsapp.com_0.indexeddb.leveldb/LOCK: File currently in use. (ChromeMethodBFE: 15::LockFile::2)
[1203/002120.321:ERROR:leveldb_factory.cc(88)] Failed to open LevelDB database from D:\wabot\.wwebjs_auth\session\Default\IndexedDB\https_web.whatsapp.com_0.indexeddb.leveldb,IO error: D:\wabot\.wwebjs_auth\session\Default\IndexedDB\https_web.whatsapp.com_0.indexeddb.leveldb/LOCK: File currently in use. (ChromeMethodBFE: 15::LockFile::2)
[1203/002121.342:ERROR:leveldb_factory.cc(88)] Failed to open LevelDB database from D:\wabot\.wwebjs_auth\session\Default\IndexedDB\https_web.whatsapp.com_0.indexeddb.leveldb,IO error: D:\wabot\.wwebjs_auth\session\Default\IndexedDB\https_web.whatsapp.com_0.indexeddb.leveldb/LOCK: File currently in use. (ChromeMethodBFE: 15::LockFile::2)
[1203/002122.362:ERROR:leveldb_factory.cc(88)] Failed to open LevelDB database from D:\wabot\.wwebjs_auth\session\Default\IndexedDB\https_web.whatsapp.com_0.indexeddb.leveldb,IO error: D:\wabot\.wwebjs_auth\session\Default\IndexedDB\https_web.whatsapp.com_0.indexeddb.leveldb/LOCK: File currently in use. (ChromeMethodBFE: 15::LockFile::2)
[1203/002123.373:ERROR:leveldb_factory.cc(88)] Failed to open LevelDB database from D:\wabot\.wwebjs_auth\session\Default\IndexedDB\https_web.whatsapp.com_0.indexeddb.leveldb,IO error: D:\wabot\.wwebjs_auth\session\Default\IndexedDB\https_web.whatsapp.com_0.indexeddb.leveldb/LOCK: File currently in use. (ChromeMethodBFE: 15::LockFile::2)
[1203/002124.404:ERROR:leveldb_factory.cc(88)] Failed to open LevelDB database from D:\wabot\.wwebjs_auth\session\Default\IndexedDB\https_web.whatsapp.com_0.indexeddb.leveldb,IO error: D:\wabot\.wwebjs_auth\session\Default\IndexedDB\https_web.whatsapp.com_0.indexeddb.leveldb/LOCK: File currently in use. (ChromeMethodBFE: 15::LockFile::2)
[1203/002125.413:ERROR:leveldb_factory.cc(88)] Failed to open LevelDB database from D:\wabot\.wwebjs_auth\session\Default\IndexedDB\https_web.whatsapp.com_0.indexeddb.leveldb,IO error: D:\wabot\.wwebjs_auth\session\Default\IndexedDB\https_web.whatsapp.com_0.indexeddb.leveldb/LOCK: File currently in use. (ChromeMethodBFE: 15::LockFile::2)
[1203/002126.419:ERROR:leveldb_factory.cc(88)] Failed to open LevelDB database from D:\wabot\.wwebjs_auth\session\Default\IndexedDB\https_web.whatsapp.com_0.indexeddb.leveldb,IO error: D:\wabot\.wwebjs_auth\session\Default\IndexedDB\https_web.whatsapp.com_0.indexeddb.leveldb/LOCK: File currently in use. (ChromeMethodBFE: 15::LockFile::2)
[1203/002127.441:ERROR:leveldb_factory.cc(88)] Failed to open LevelDB database from D:\wabot\.wwebjs_auth\session\Default\IndexedDB\https_web.whatsapp.com_0.indexeddb.leveldb,IO error: D:\wabot\.wwebjs_auth\session\Default\IndexedDB\https_web.whatsapp.com_0.indexeddb.leveldb/LOCK: File currently in use. (ChromeMethodBFE: 15::LockFile::2)
[1203/002128.460:ERROR:leveldb_factory.cc(88)] Failed to open LevelDB database from D:\wabot\.wwebjs_auth\session\Default\IndexedDB\https_web.whatsapp.com_0.indexeddb.leveldb,IO error: D:\wabot\.wwebjs_auth\session\Default\IndexedDB\https_web.whatsapp.com_0.indexeddb.leveldb/LOCK: File currently in use. (ChromeMethodBFE: 15::LockFile::2)
[1203/002129.474:ERROR:leveldb_factory.cc(88)] Failed to open LevelDB database from D:\wabot\.wwebjs_auth\session\Default\IndexedDB\https_web.whatsapp.com_0.indexeddb.leveldb,IO error: D:\wabot\.wwebjs_auth\session\Default\IndexedDB\https_web.whatsapp.com_0.indexeddb.leveldb/LOCK: File currently in use. (ChromeMethodBFE: 15::LockFile::2)
[1203/002130.483:ERROR:leveldb_factory.cc(88)] Failed to open LevelDB database from D:\wabot\.wwebjs_auth\session\Default\IndexedDB\https_web.whatsapp.com_0.indexeddb.leveldb,IO error: D:\wabot\.wwebjs_auth\session\Default\IndexedDB\https_web.whatsapp.com_0.indexeddb.leveldb/LOCK: File currently in use. (ChromeMethodBFE: 15::LockFile::2)
[1203/002131.495:ERROR:leveldb_factory.cc(88)] Failed to open LevelDB database from D:\wabot\.wwebjs_auth\session\Default\IndexedDB\https_web.whatsapp.com_0.indexeddb.leveldb,IO error: D:\wabot\.wwebjs_auth\session\Default\IndexedDB\https_web.whatsapp.com_0.indexeddb.leveldb/LOCK: File currently in use. (ChromeMethodBFE: 15::LockFile::2)
[1203/002132.513:ERROR:leveldb_factory.cc(88)] Failed to open LevelDB database from D:\wabot\.wwebjs_auth\session\Default\IndexedDB\https_web.whatsapp.com_0.indexeddb.leveldb,IO error: D:\wabot\.wwebjs_auth\session\Default\IndexedDB\https_web.whatsapp.com_0.indexeddb.leveldb/LOCK: File currently in use. (ChromeMethodBFE: 15::LockFile::2)
[1203/002133.534:ERROR:leveldb_factory.cc(88)] Failed to open LevelDB database from D:\wabot\.wwebjs_auth\session\Default\IndexedDB\https_web.whatsapp.com_0.indexeddb.leveldb,IO error: D:\wabot\.wwebjs_auth\session\Default\IndexedDB\https_web.whatsapp.com_0.indexeddb.leveldb/LOCK: File currently in use. (ChromeMethodBFE: 15::LockFile::2)
[1203/002134.553:ERROR:leveldb_factory.cc(88)] Failed to open LevelDB database from D:\wabot\.wwebjs_auth\session\Default\IndexedDB\https_web.whatsapp.com_0.indexeddb.leveldb,IO error: D:\wabot\.wwebjs_auth\session\Default\IndexedDB\https_web.whatsapp.com_0.indexeddb.leveldb/LOCK: File currently in use. (ChromeMethodBFE: 15::LockFile::2)
[1203/002136.597:ERROR:leveldb_factory.cc(88)] Failed to open LevelDB database from D:\wabot\.wwebjs_auth\session\Default\IndexedDB\https_web.whatsapp.com_0.indexeddb.leveldb,IO error: D:\wabot\.wwebjs_auth\session\Default\IndexedDB\https_web.whatsapp.com_0.indexeddb.leveldb/LOCK: File currently in use. (ChromeMethodBFE: 15::LockFile::2)
[1203/002137.611:ERROR:leveldb_factory.cc(88)] Failed to open LevelDB database from D:\wabot\.wwebjs_auth\session\Default\IndexedDB\https_web.whatsapp.com_0.indexeddb.leveldb,IO error: D:\wabot\.wwebjs_auth\session\Default\IndexedDB\https_web.whatsapp.com_0.indexeddb.leveldb/LOCK: File currently in use. (ChromeMethodBFE: 15::LockFile::2)
[1203/002146.815:ERROR:leveldb_factory.cc(88)] Failed to open LevelDB database from D:\wabot\.wwebjs_auth\session\Default\IndexedDB\https_web.whatsapp.com_0.indexeddb.leveldb,IO error: D:\wabot\.wwebjs_auth\session\Default\IndexedDB\https_web.whatsapp.com_0.indexeddb.leveldb/LOCK: File currently in use. (ChromeMethodBFE: 15::LockFile::2)
[1203/002147.840:ERROR:leveldb_factory.cc(88)] Failed to open LevelDB database from D:\wabot\.wwebjs_auth\session\Default\IndexedDB\https_web.whatsapp.com_0.indexeddb.leveldb,IO error: D:\wabot\.wwebjs_auth\session\Default\IndexedDB\https_web.whatsapp.com_0.indexeddb.leveldb/LOCK: File currently in use. (ChromeMethodBFE: 15::LockFile::2)
[1203/002148.861:ERROR:leveldb_factory.cc(88)] Failed to open LevelDB database from D:\wabot\.wwebjs_auth\session\Default\IndexedDB\https_web.whatsapp.com_0.indexeddb.leveldb,IO error: D:\wabot\.wwebjs_auth\session\Default\IndexedDB\https_web.whatsapp.com_0.indexeddb.leveldb/LOCK: File currently in use. (ChromeMethodBFE: 15::LockFile::2)
[1203/002149.880:ERROR:leveldb_factory.cc(88)] Failed to open LevelDB database from D:\wabot\.wwebjs_auth\session\Default\IndexedDB\https_web.whatsapp.com_0.indexeddb.leveldb,IO error: D:\wabot\.wwebjs_auth\session\Default\IndexedDB\https_web.whatsapp.com_0.indexeddb.leveldb/LOCK: File currently in use. (ChromeMethodBFE: 15::LockFile::2)
[1203/002150.900:ERROR:leveldb_factory.cc(88)] Failed to open LevelDB database from D:\wabot\.wwebjs_auth\session\Default\IndexedDB\https_web.whatsapp.com_0.indexeddb.leveldb,IO error: D:\wabot\.wwebjs_auth\session\Default\IndexedDB\https_web.whatsapp.com_0.indexeddb.leveldb/LOCK: File currently in use. (ChromeMethodBFE: 15::LockFile::2)
[1203/002151.915:ERROR:leveldb_factory.cc(88)] Failed to open LevelDB database from D:\wabot\.wwebjs_auth\session\Default\IndexedDB\https_web.whatsapp.com_0.indexeddb.leveldb,IO error: D:\wabot\.wwebjs_auth\session\Default\IndexedDB\https_web.whatsapp.com_0.indexeddb.leveldb/LOCK: File currently in use. (ChromeMethodBFE: 15::LockFile::2)
[1203/002152.932:ERROR:leveldb_factory.cc(88)] Failed to open LevelDB database from D:\wabot\.wwebjs_auth\session\Default\IndexedDB\https_web.whatsapp.com_0.indexeddb.leveldb,IO error: D:\wabot\.wwebjs_auth\session\Default\IndexedDB\https_web.whatsapp.com_0.indexeddb.leveldb/LOCK: File currently in use. (ChromeMethodBFE: 15::LockFile::2)
[1203/002153.948:ERROR:leveldb_factory.cc(88)] Failed to open LevelDB database from D:\wabot\.wwebjs_auth\session\Default\IndexedDB\https_web.whatsapp.com_0.indexeddb.leveldb,IO error: D:\wabot\.wwebjs_auth\session\Default\IndexedDB\https_web.whatsapp.com_0.indexeddb.leveldb/LOCK: File currently in use. (ChromeMethodBFE: 15::LockFile::2)
[1203/002154.963:ERROR:leveldb_factory.cc(88)] Failed to open LevelDB database from D:\wabot\.wwebjs_auth\session\Default\IndexedDB\https_web.whatsapp.com_0.indexeddb.leveldb,IO error: D:\wabot\.wwebjs_auth\session\Default\IndexedDB\https_web.whatsapp.com_0.indexeddb.leveldb/LOCK: File currently in use. (ChromeMethodBFE: 15::LockFile::2)
[1203/002155.978:ERROR:leveldb_factory.cc(88)] Failed to open LevelDB database from D:\wabot\.wwebjs_auth\session\Default\IndexedDB\https_web.whatsapp.com_0.indexeddb.leveldb,IO error: D:\wabot\.wwebjs_auth\session\Default\IndexedDB\https_web.whatsapp.com_0.indexeddb.leveldb/LOCK: File currently in use. (ChromeMethodBFE: 15::LockFile::2)
[1203/002156.991:ERROR:leveldb_factory.cc(88)] Failed to open LevelDB database from D:\wabot\.wwebjs_auth\session\Default\IndexedDB\https_web.whatsapp.com_0.indexeddb.leveldb,IO error: D:\wabot\.wwebjs_auth\session\Default\IndexedDB\https_web.whatsapp.com_0.indexeddb.leveldb/LOCK: File currently in use. (ChromeMethodBFE: 15::LockFile::2)
[1203/002158.013:ERROR:leveldb_factory.cc(88)] Failed to open LevelDB database from D:\wabot\.wwebjs_auth\session\Default\IndexedDB\https_web.whatsapp.com_0.indexeddb.leveldb,IO error: D:\wabot\.wwebjs_auth\session\Default\IndexedDB\https_web.whatsapp.com_0.indexeddb.leveldb/LOCK: File currently in use. (ChromeMethodBFE: 15::LockFile::2)
[1203/002159.028:ERROR:leveldb_factory.cc(88)] Failed to open LevelDB database from D:\wabot\.wwebjs_auth\session\Default\IndexedDB\https_web.whatsapp.com_0.indexeddb.leveldb,IO error: D:\wabot\.wwebjs_auth\session\Default\IndexedDB\https_web.whatsapp.com_0.indexeddb.leveldb/LOCK: File currently in use. (ChromeMethodBFE: 15::LockFile::2)
[1203/002200.038:ERROR:leveldb_factory.cc(88)] Failed to open LevelDB database from D:\wabot\.wwebjs_auth\session\Default\IndexedDB\https_web.whatsapp.com_0.indexeddb.leveldb,IO error: D:\wabot\.wwebjs_auth\session\Default\IndexedDB\https_web.whatsapp.com_0.indexeddb.leveldb/LOCK: File currently in use. (ChromeMethodBFE: 15::LockFile::2)
[1203/002201.054:ERROR:leveldb_factory.cc(88)] Failed to open LevelDB database from D:\wabot\.wwebjs_auth\session\Default\IndexedDB\https_web.whatsapp.com_0.indexeddb.leveldb,IO error: D:\wabot\.wwebjs_auth\session\Default\IndexedDB\https_web.whatsapp.com_0.indexeddb.leveldb/LOCK: File currently in use. (ChromeMethodBFE: 15::LockFile::2)
[1203/002202.070:ERROR:leveldb_factory.cc(88)] Failed to open LevelDB database from D:\wabot\.wwebjs_auth\session\Default\IndexedDB\https_web.whatsapp.com_0.indexeddb.leveldb,IO error: D:\wabot\.wwebjs_auth\session\Default\IndexedDB\https_web.whatsapp.com_0.indexeddb.leveldb/LOCK: File currently in use. (ChromeMethodBFE: 15::LockFile::2)
[1203/002203.084:ERROR:leveldb_factory.cc(88)] Failed to open LevelDB database from D:\wabot\.wwebjs_auth\session\Default\IndexedDB\https_web.whatsapp.com_0.indexeddb.leveldb,IO error: D:\wabot\.wwebjs_auth\session\Default\IndexedDB\https_web.whatsapp.com_0.indexeddb.leveldb/LOCK: File currently in use. (ChromeMethodBFE: 15::LockFile::2)
[1203/002204.099:ERROR:leveldb_factory.cc(88)] Failed to open LevelDB database from D:\wabot\.wwebjs_auth\session\Default\IndexedDB\https_web.whatsapp.com_0.indexeddb.leveldb,IO error: D:\wabot\.wwebjs_auth\session\Default\IndexedDB\https_web.whatsapp.com_0.indexeddb.leveldb/LOCK: File currently in use. (ChromeMethodBFE: 15::LockFile::2)
[1203/002205.115:ERROR:leveldb_factory.cc(88)] Failed to open LevelDB database from D:\wabot\.wwebjs_auth\session\Default\IndexedDB\https_web.whatsapp.com_0.indexeddb.leveldb,IO error: D:\wabot\.wwebjs_auth\session\Default\IndexedDB\https_web.whatsapp.com_0.indexeddb.leveldb/LOCK: File currently in use. (ChromeMethodBFE: 15::LockFile::2)
[1203/002206.129:ERROR:leveldb_factory.cc(88)] Failed to open LevelDB database from D:\wabot\.wwebjs_auth\session\Default\IndexedDB\https_web.whatsapp.com_0.indexeddb.leveldb,IO error: D:\wabot\.wwebjs_auth\session\Default\IndexedDB\https_web.whatsapp.com_0.indexeddb.leveldb/LOCK: File currently in use. (ChromeMethodBFE: 15::LockFile::2)
[1203/002207.146:ERROR:leveldb_factory.cc(88)] Failed to open LevelDB database from D:\wabot\.wwebjs_auth\session\Default\IndexedDB\https_web.whatsapp.com_0.indexeddb.leveldb,IO error: D:\wabot\.wwebjs_auth\session\Default\IndexedDB\https_web.whatsapp.com_0.indexeddb.leveldb/LOCK: File currently in use. (ChromeMethodBFE: 15::LockFile::2)
[1203/002208.166:ERROR:leveldb_factory.cc(88)] Failed to open LevelDB database from D:\wabot\.wwebjs_auth\session\Default\IndexedDB\https_web.whatsapp.com_0.indexeddb.leveldb,IO error: D:\wabot\.wwebjs_auth\session\Default\IndexedDB\https_web.whatsapp.com_0.indexeddb.leveldb/LOCK: File currently in use. (ChromeMethodBFE: 15::LockFile::2)
[1203/002209.186:ERROR:leveldb_factory.cc(88)] Failed to open LevelDB database from D:\wabot\.wwebjs_auth\session\Default\IndexedDB\https_web.whatsapp.com_0.indexeddb.leveldb,IO error: D:\wabot\.wwebjs_auth\session\Default\IndexedDB\https_web.whatsapp.com_0.indexeddb.leveldb/LOCK: File currently in use. (ChromeMethodBFE: 15::LockFile::2)
[1203/002210.265:ERROR:leveldb_factory.cc(88)] Failed to open LevelDB database from D:\wabot\.wwebjs_auth\session\Default\IndexedDB\https_web.whatsapp.com_0.indexeddb.leveldb,IO error: D:\wabot\.wwebjs_auth\session\Default\IndexedDB\https_web.whatsapp.com_0.indexeddb.leveldb/LOCK: File currently in use. (ChromeMethodBFE: 15::LockFile::2)
[1203/002211.277:ERROR:leveldb_factory.cc(88)] Failed to open LevelDB database from D:\wabot\.wwebjs_auth\session\Default\IndexedDB\https_web.whatsapp.com_0.indexeddb.leveldb,IO error: D:\wabot\.wwebjs_auth\session\Default\IndexedDB\https_web.whatsapp.com_0.indexeddb.leveldb/LOCK: File currently in use. (ChromeMethodBFE: 15::LockFile::2)
[1203/002212.289:ERROR:leveldb_factory.cc(88)] Failed to open LevelDB database from D:\wabot\.wwebjs_auth\session\Default\IndexedDB\https_web.whatsapp.com_0.indexeddb.leveldb,IO error: D:\wabot\.wwebjs_auth\session\Default\IndexedDB\https_web.whatsapp.com_0.indexeddb.leveldb/LOCK: File currently in use. (ChromeMethodBFE: 15::LockFile::2)
[1203/002213.304:ERROR:leveldb_factory.cc(88)] Failed to open LevelDB database from D:\wabot\.wwebjs_auth\session\Default\IndexedDB\https_web.whatsapp.com_0.indexeddb.leveldb,IO error: D:\wabot\.wwebjs_auth\session\Default\IndexedDB\https_web.whatsapp.com_0.indexeddb.leveldb/LOCK: File currently in use. (ChromeMethodBFE: 15::LockFile::2)
[1203/002214.310:ERROR:leveldb_factory.cc(88)] Failed to open LevelDB database from D:\wabot\.wwebjs_auth\session\Default\IndexedDB\https_web.whatsapp.com_0.indexeddb.leveldb,IO error: D:\wabot\.wwebjs_auth\session\Default\IndexedDB\https_web.whatsapp.com_0.indexeddb.leveldb/LOCK: File currently in use. (ChromeMethodBFE: 15::LockFile::2)
[1203/002215.352:ERROR:leveldb_factory.cc(88)] Failed to open LevelDB database from D:\wabot\.wwebjs_auth\session\Default\IndexedDB\https_web.whatsapp.com_0.indexeddb.leveldb,IO error: D:\wabot\.wwebjs_auth\session\Default\IndexedDB\https_web.whatsapp.com_0.indexeddb.leveldb/LOCK: File currently in use. (ChromeMethodBFE: 15::LockFile::2)
[1203/002216.375:ERROR:leveldb_factory.cc(88)] Failed to open LevelDB database from D:\wabot\.wwebjs_auth\session\Default\IndexedDB\https_web.whatsapp.com_0.indexeddb.leveldb,IO error: D:\wabot\.wwebjs_auth\session\Default\IndexedDB\https_web.whatsapp.com_0.indexeddb.leveldb/LOCK: File currently in use. (ChromeMethodBFE: 15::LockFile::2)
[1203/002217.418:ERROR:leveldb_factory.cc(88)] Failed to open LevelDB database from D:\wabot\.wwebjs_auth\session\Default\IndexedDB\https_web.whatsapp.com_0.indexeddb.leveldb,IO error: D:\wabot\.wwebjs_auth\session\Default\IndexedDB\https_web.whatsapp.com_0.indexeddb.leveldb/LOCK: File currently in use. (ChromeMethodBFE: 15::LockFile::2)
[1203/002218.435:ERROR:leveldb_factory.cc(88)] Failed to open LevelDB database from D:\wabot\.wwebjs_auth\session\Default\IndexedDB\https_web.whatsapp.com_0.indexeddb.leveldb,IO error: D:\wabot\.wwebjs_auth\session\Default\IndexedDB\https_web.whatsapp.com_0.indexeddb.leveldb/LOCK: File currently in use. (ChromeMethodBFE: 15::LockFile::2)
[1203/002219.449:ERROR:leveldb_factory.cc(88)] Failed to open LevelDB database from D:\wabot\.wwebjs_auth\session\Default\IndexedDB\https_web.whatsapp.com_0.indexeddb.leveldb,IO error: D:\wabot\.wwebjs_auth\session\Default\IndexedDB\https_web.whatsapp.com_0.indexeddb.leveldb/LOCK: File currently in use. (ChromeMethodBFE: 15::LockFile::2)
[1203/002220.461:ERROR:leveldb_factory.cc(88)] Failed to open LevelDB database from D:\wabot\.wwebjs_auth\session\Default\IndexedDB\https_web.whatsapp.com_0.indexeddb.leveldb,IO error: D:\wabot\.wwebjs_auth\session\Default\IndexedDB\https_web.whatsapp.com_0.indexeddb.leveldb/LOCK: File currently in use. (ChromeMethodBFE: 15::LockFile::2)
[1203/002221.496:ERROR:leveldb_factory.cc(88)] Failed to open LevelDB database from D:\wabot\.wwebjs_auth\session\Default\IndexedDB\https_web.whatsapp.com_0.indexeddb.leveldb,IO error: D:\wabot\.wwebjs_auth\session\Default\IndexedDB\https_web.whatsapp.com_0.indexeddb.leveldb/LOCK: File currently in use. (ChromeMethodBFE: 15::LockFile::2)
[1203/002222.511:ERROR:leveldb_factory.cc(88)] Failed to open LevelDB database from D:\wabot\.wwebjs_auth\session\Default\IndexedDB\https_web.whatsapp.com_0.indexeddb.leveldb,IO error: D:\wabot\.wwebjs_auth\session\Default\IndexedDB\https_web.whatsapp.com_0.indexeddb.leveldb/LOCK: File currently in use. (ChromeMethodBFE: 15::LockFile::2)
[1203/002222.786:INFO:CONSOLE(0)] "Error with Permissions-Policy header: Unrecognized feature: 'ambient-light-sensor'.", source:  (0)
[1203/002222.786:INFO:CONSOLE(0)] "Error with Permissions-Policy header: Unrecognized feature: 'bluetooth'.", source:  (0)
[1203/002222.787:INFO:CONSOLE(0)] "Error with Permissions-Policy header: Unrecognized feature: 'local-fonts'.", source:  (0)
[1203/002222.787:INFO:CONSOLE(0)] "Error with Permissions-Policy header: Unrecognized feature: 'window-management'.", source:  (0)
[1203/002223.521:ERROR:leveldb_factory.cc(88)] Failed to open LevelDB database from D:\wabot\.wwebjs_auth\session\Default\IndexedDB\https_web.whatsapp.com_0.indexeddb.leveldb,IO error: D:\wabot\.wwebjs_auth\session\Default\IndexedDB\https_web.whatsapp.com_0.indexeddb.leveldb/LOCK: File currently in use. (ChromeMethodBFE: 15::LockFile::2)
[1203/002224.655:ERROR:leveldb_factory.cc(88)] Failed to open LevelDB database from D:\wabot\.wwebjs_auth\session\Default\IndexedDB\https_web.whatsapp.com_0.indexeddb.leveldb,IO error: D:\wabot\.wwebjs_auth\session\Default\IndexedDB\https_web.whatsapp.com_0.indexeddb.leveldb/LOCK: File currently in use. (ChromeMethodBFE: 15::LockFile::2)
[1203/002225.683:ERROR:leveldb_factory.cc(88)] Failed to open LevelDB database from D:\wabot\.wwebjs_auth\session\Default\IndexedDB\https_web.whatsapp.com_0.indexeddb.leveldb,IO error: D:\wabot\.wwebjs_auth\session\Default\IndexedDB\https_web.whatsapp.com_0.indexeddb.leveldb/LOCK: File currently in use. (ChromeMethodBFE: 15::LockFile::2)
[1203/002226.711:ERROR:leveldb_factory.cc(88)] Failed to open LevelDB database from D:\wabot\.wwebjs_auth\session\Default\IndexedDB\https_web.whatsapp.com_0.indexeddb.leveldb,IO error: D:\wabot\.wwebjs_auth\session\Default\IndexedDB\https_web.whatsapp.com_0.indexeddb.leveldb/LOCK: File currently in use. (ChromeMethodBFE: 15::LockFile::2)
[1203/002227.763:ERROR:leveldb_factory.cc(88)] Failed to open LevelDB database from D:\wabot\.wwebjs_auth\session\Default\IndexedDB\https_web.whatsapp.com_0.indexeddb.leveldb,IO error: D:\wabot\.wwebjs_auth\session\Default\IndexedDB\https_web.whatsapp.com_0.indexeddb.leveldb/LOCK: File currently in use. (ChromeMethodBFE: 15::LockFile::2)
[1203/002228.776:ERROR:leveldb_factory.cc(88)] Failed to open LevelDB database from D:\wabot\.wwebjs_auth\session\Default\IndexedDB\https_web.whatsapp.com_0.indexeddb.leveldb,IO error: D:\wabot\.wwebjs_auth\session\Default\IndexedDB\https_web.whatsapp.com_0.indexeddb.leveldb/LOCK: File currently in use. (ChromeMethodBFE: 15::LockFile::2)
[1203/002229.785:ERROR:leveldb_factory.cc(88)] Failed to open LevelDB database from D:\wabot\.wwebjs_auth\session\Default\IndexedDB\https_web.whatsapp.com_0.indexeddb.leveldb,IO error: D:\wabot\.wwebjs_auth\session\Default\IndexedDB\https_web.whatsapp.com_0.indexeddb.leveldb/LOCK: File currently in use. (ChromeMethodBFE: 15::LockFile::2)
[1203/002230.794:ERROR:leveldb_factory.cc(88)] Failed to open LevelDB database from D:\wabot\.wwebjs_auth\session\Default\IndexedDB\https_web.whatsapp.com_0.indexeddb.leveldb,IO error: D:\wabot\.wwebjs_auth\session\Default\IndexedDB\https_web.whatsapp.com_0.indexeddb.leveldb/LOCK: File currently in use. (ChromeMethodBFE: 15::LockFile::2)
[1203/002231.844:ERROR:leveldb_factory.cc(88)] Failed to open LevelDB database from D:\wabot\.wwebjs_auth\session\Default\IndexedDB\https_web.whatsapp.com_0.indexeddb.leveldb,IO error: D:\wabot\.wwebjs_auth\session\Default\IndexedDB\https_web.whatsapp.com_0.indexeddb.leveldb/LOCK: File currently in use. (ChromeMethodBFE: 15::LockFile::2)
[1203/002232.853:ERROR:leveldb_factory.cc(88)] Failed to open LevelDB database from D:\wabot\.wwebjs_auth\session\Default\IndexedDB\https_web.whatsapp.com_0.indexeddb.leveldb,IO error: D:\wabot\.wwebjs_auth\session\Default\IndexedDB\https_web.whatsapp.com_0.indexeddb.leveldb/LOCK: File currently in use. (ChromeMethodBFE: 15::LockFile::2)
[1203/002233.903:ERROR:leveldb_factory.cc(88)] Failed to open LevelDB database from D:\wabot\.wwebjs_auth\session\Default\IndexedDB\https_web.whatsapp.com_0.indexeddb.leveldb,IO error: D:\wabot\.wwebjs_auth\session\Default\IndexedDB\https_web.whatsapp.com_0.indexeddb.leveldb/LOCK: File currently in use. (ChromeMethodBFE: 15::LockFile::2)
[1203/002234.913:ERROR:leveldb_factory.cc(88)] Failed to open LevelDB database from D:\wabot\.wwebjs_auth\session\Default\IndexedDB\https_web.whatsapp.com_0.indexeddb.leveldb,IO error: D:\wabot\.wwebjs_auth\session\Default\IndexedDB\https_web.whatsapp.com_0.indexeddb.leveldb/LOCK: File currently in use. (ChromeMethodBFE: 15::LockFile::2)
[1203/002235.929:ERROR:leveldb_factory.cc(88)] Failed to open LevelDB database from D:\wabot\.wwebjs_auth\session\Default\IndexedDB\https_web.whatsapp.com_0.indexeddb.leveldb,IO error: D:\wabot\.wwebjs_auth\session\Default\IndexedDB\https_web.whatsapp.com_0.indexeddb.leveldb/LOCK: File currently in use. (ChromeMethodBFE: 15::LockFile::2)
[1203/002236.945:ERROR:leveldb_factory.cc(88)] Failed to open LevelDB database from D:\wabot\.wwebjs_auth\session\Default\IndexedDB\https_web.whatsapp.com_0.indexeddb.leveldb,IO error: D:\wabot\.wwebjs_auth\session\Default\IndexedDB\https_web.whatsapp.com_0.indexeddb.leveldb/LOCK: File currently in use. (ChromeMethodBFE: 15::LockFile::2)
[1203/002237.963:ERROR:leveldb_factory.cc(88)] Failed to open LevelDB database from D:\wabot\.wwebjs_auth\session\Default\IndexedDB\https_web.whatsapp.com_0.indexeddb.leveldb,IO error: D:\wabot\.wwebjs_auth\session\Default\IndexedDB\https_web.whatsapp.com_0.indexeddb.leveldb/LOCK: File currently in use. (ChromeMethodBFE: 15::LockFile::2)
[1203/002238.977:ERROR:leveldb_factory.cc(88)] Failed to open LevelDB database from D:\wabot\.wwebjs_auth\session\Default\IndexedDB\https_web.whatsapp.com_0.indexeddb.leveldb,IO error: D:\wabot\.wwebjs_auth\session\Default\IndexedDB\https_web.whatsapp.com_0.indexeddb.leveldb/LOCK: File currently in use. (ChromeMethodBFE: 15::LockFile::2)
[1203/002240.006:ERROR:leveldb_factory.cc(88)] Failed to open LevelDB database from D:\wabot\.wwebjs_auth\session\Default\IndexedDB\https_web.whatsapp.com_0.indexeddb.leveldb,IO error: D:\wabot\.wwebjs_auth\session\Default\IndexedDB\https_web.whatsapp.com_0.indexeddb.leveldb/LOCK: File currently in use. (ChromeMethodBFE: 15::LockFile::2)
[1203/002241.026:ERROR:leveldb_factory.cc(88)] Failed to open LevelDB database from D:\wabot\.wwebjs_auth\session\Default\IndexedDB\https_web.whatsapp.com_0.indexeddb.leveldb,IO error: D:\wabot\.wwebjs_auth\session\Default\IndexedDB\https_web.whatsapp.com_0.indexeddb.leveldb/LOCK: File currently in use. (ChromeMethodBFE: 15::LockFile::2)
[1203/002241.611:INFO:CONSOLE(0)] "Error with Permissions-Policy header: Unrecognized feature: 'ambient-light-sensor'.", source:  (0)
[1203/002241.611:INFO:CONSOLE(0)] "Error with Permissions-Policy header: Unrecognized feature: 'bluetooth'.", source:  (0)
[1203/002241.611:INFO:CONSOLE(0)] "Error with Permissions-Policy header: Unrecognized feature: 'local-fonts'.", source:  (0)
[1203/002241.611:INFO:CONSOLE(0)] "Error with Permissions-Policy header: Unrecognized feature: 'window-management'.", source:  (0)
[1203/002242.045:ERROR:leveldb_factory.cc(88)] Failed to open LevelDB database from D:\wabot\.wwebjs_auth\session\Default\IndexedDB\https_web.whatsapp.com_0.indexeddb.leveldb,IO error: D:\wabot\.wwebjs_auth\session\Default\IndexedDB\https_web.whatsapp.com_0.indexeddb.leveldb/LOCK: File currently in use. (ChromeMethodBFE: 15::LockFile::2)
[1203/002243.054:ERROR:leveldb_factory.cc(88)] Failed to open LevelDB database from D:\wabot\.wwebjs_auth\session\Default\IndexedDB\https_web.whatsapp.com_0.indexeddb.leveldb,IO error: D:\wabot\.wwebjs_auth\session\Default\IndexedDB\https_web.whatsapp.com_0.indexeddb.leveldb/LOCK: File currently in use. (ChromeMethodBFE: 15::LockFile::2)
[1203/002244.065:ERROR:leveldb_factory.cc(88)] Failed to open LevelDB database from D:\wabot\.wwebjs_auth\session\Default\IndexedDB\https_web.whatsapp.com_0.indexeddb.leveldb,IO error: D:\wabot\.wwebjs_auth\session\Default\IndexedDB\https_web.whatsapp.com_0.indexeddb.leveldb/LOCK: File currently in use. (ChromeMethodBFE: 15::LockFile::2)
[1203/002245.080:ERROR:leveldb_factory.cc(88)] Failed to open LevelDB database from D:\wabot\.wwebjs_auth\session\Default\IndexedDB\https_web.whatsapp.com_0.indexeddb.leveldb,IO error: D:\wabot\.wwebjs_auth\session\Default\IndexedDB\https_web.whatsapp.com_0.indexeddb.leveldb/LOCK: File currently in use. (ChromeMethodBFE: 15::LockFile::2)
[1203/002246.092:ERROR:leveldb_factory.cc(88)] Failed to open LevelDB database from D:\wabot\.wwebjs_auth\session\Default\IndexedDB\https_web.whatsapp.com_0.indexeddb.leveldb,IO error: D:\wabot\.wwebjs_auth\session\Default\IndexedDB\https_web.whatsapp.com_0.indexeddb.leveldb/LOCK: File currently in use. (ChromeMethodBFE: 15::LockFile::2)
[1203/002247.104:ERROR:leveldb_factory.cc(88)] Failed to open LevelDB database from D:\wabot\.wwebjs_auth\session\Default\IndexedDB\https_web.whatsapp.com_0.indexeddb.leveldb,IO error: D:\wabot\.wwebjs_auth\session\Default\IndexedDB\https_web.whatsapp.com_0.indexeddb.leveldb/LOCK: File currently in use. (ChromeMethodBFE: 15::LockFile::2)
[1203/002248.119:ERROR:leveldb_factory.cc(88)] Failed to open LevelDB database from D:\wabot\.wwebjs_auth\session\Default\IndexedDB\https_web.whatsapp.com_0.indexeddb.leveldb,IO error: D:\wabot\.wwebjs_auth\session\Default\IndexedDB\https_web.whatsapp.com_0.indexeddb.leveldb/LOCK: File currently in use. (ChromeMethodBFE: 15::LockFile::2)
[1203/002249.136:ERROR:leveldb_factory.cc(88)] Failed to open LevelDB database from D:\wabot\.wwebjs_auth\session\Default\IndexedDB\https_web.whatsapp.com_0.indexeddb.leveldb,IO error: D:\wabot\.wwebjs_auth\session\Default\IndexedDB\https_web.whatsapp.com_0.indexeddb.leveldb/LOCK: File currently in use. (ChromeMethodBFE: 15::LockFile::2)
[1203/002250.161:ERROR:leveldb_factory.cc(88)] Failed to open LevelDB database from D:\wabot\.wwebjs_auth\session\Default\IndexedDB\https_web.whatsapp.com_0.indexeddb.leveldb,IO error: D:\wabot\.wwebjs_auth\session\Default\IndexedDB\https_web.whatsapp.com_0.indexeddb.leveldb/LOCK: File currently in use. (ChromeMethodBFE: 15::LockFile::2)
[1203/002251.175:ERROR:leveldb_factory.cc(88)] Failed to open LevelDB database from D:\wabot\.wwebjs_auth\session\Default\IndexedDB\https_web.whatsapp.com_0.indexeddb.leveldb,IO error: D:\wabot\.wwebjs_auth\session\Default\IndexedDB\https_web.whatsapp.com_0.indexeddb.leveldb/LOCK: File currently in use. (ChromeMethodBFE: 15::LockFile::2)
[1203/002252.181:ERROR:leveldb_factory.cc(88)] Failed to open LevelDB database from D:\wabot\.wwebjs_auth\session\Default\IndexedDB\https_web.whatsapp.com_0.indexeddb.leveldb,IO error: D:\wabot\.wwebjs_auth\session\Default\IndexedDB\https_web.whatsapp.com_0.indexeddb.leveldb/LOCK: File currently in use. (ChromeMethodBFE: 15::LockFile::2)
[1203/002253.186:ERROR:leveldb_factory.cc(88)] Failed to open LevelDB database from D:\wabot\.wwebjs_auth\session\Default\IndexedDB\https_web.whatsapp.com_0.indexeddb.leveldb,IO error: D:\wabot\.wwebjs_auth\session\Default\IndexedDB\https_web.whatsapp.com_0.indexeddb.leveldb/LOCK: File currently in use. (ChromeMethodBFE: 15::LockFile::2)
[1203/002254.202:ERROR:leveldb_factory.cc(88)] Failed to open LevelDB database from D:\wabot\.wwebjs_auth\session\Default\IndexedDB\https_web.whatsapp.com_0.indexeddb.leveldb,IO error: D:\wabot\.wwebjs_auth\session\Default\IndexedDB\https_web.whatsapp.com_0.indexeddb.leveldb/LOCK: File currently in use. (ChromeMethodBFE: 15::LockFile::2)
[1203/002255.216:ERROR:leveldb_factory.cc(88)] Failed to open LevelDB database from D:\wabot\.wwebjs_auth\session\Default\IndexedDB\https_web.whatsapp.com_0.indexeddb.leveldb,IO error: D:\wabot\.wwebjs_auth\session\Default\IndexedDB\https_web.whatsapp.com_0.indexeddb.leveldb/LOCK: File currently in use. (ChromeMethodBFE: 15::LockFile::2)
[1203/002256.232:ERROR:leveldb_factory.cc(88)] Failed to open LevelDB database from D:\wabot\.wwebjs_auth\session\Default\IndexedDB\https_web.whatsapp.com_0.indexeddb.leveldb,IO error: D:\wabot\.wwebjs_auth\session\Default\IndexedDB\https_web.whatsapp.com_0.indexeddb.leveldb/LOCK: File currently in use. (ChromeMethodBFE: 15::LockFile::2)
[1203/002257.247:ERROR:leveldb_factory.cc(88)] Failed to open LevelDB database from D:\wabot\.wwebjs_auth\session\Default\IndexedDB\https_web.whatsapp.com_0.indexeddb.leveldb,IO error: D:\wabot\.wwebjs_auth\session\Default\IndexedDB\https_web.whatsapp.com_0.indexeddb.leveldb/LOCK: File currently in use. (ChromeMethodBFE: 15::LockFile::2)
[1203/002258.262:ERROR:leveldb_factory.cc(88)] Failed to open LevelDB database from D:\wabot\.wwebjs_auth\session\Default\IndexedDB\https_web.whatsapp.com_0.indexeddb.leveldb,IO error: D:\wabot\.wwebjs_auth\session\Default\IndexedDB\https_web.whatsapp.com_0.indexeddb.leveldb/LOCK: File currently in use. (ChromeMethodBFE: 15::LockFile::2)
[1203/002259.275:ERROR:leveldb_factory.cc(88)] Failed to open LevelDB database from D:\wabot\.wwebjs_auth\session\Default\IndexedDB\https_web.whatsapp.com_0.indexeddb.leveldb,IO error: D:\wabot\.wwebjs_auth\session\Default\IndexedDB\https_web.whatsapp.com_0.indexeddb.leveldb/LOCK: File currently in use. (ChromeMethodBFE: 15::LockFile::2)
[1203/002300.282:ERROR:leveldb_factory.cc(88)] Failed to open LevelDB database from D:\wabot\.wwebjs_auth\session\Default\IndexedDB\https_web.whatsapp.com_0.indexeddb.leveldb,IO error: D:\wabot\.wwebjs_auth\session\Default\IndexedDB\https_web.whatsapp.com_0.indexeddb.leveldb/LOCK: File currently in use. (ChromeMethodBFE: 15::LockFile::2)
[1203/002301.299:ERROR:leveldb_factory.cc(88)] Failed to open LevelDB database from D:\wabot\.wwebjs_auth\session\Default\IndexedDB\https_web.whatsapp.com_0.indexeddb.leveldb,IO error: D:\wabot\.wwebjs_auth\session\Default\IndexedDB\https_web.whatsapp.com_0.indexeddb.leveldb/LOCK: File currently in use. (ChromeMethodBFE: 15::LockFile::2)
[1203/002302.315:ERROR:leveldb_factory.cc(88)] Failed to open LevelDB database from D:\wabot\.wwebjs_auth\session\Default\IndexedDB\https_web.whatsapp.com_0.indexeddb.leveldb,IO error: D:\wabot\.wwebjs_auth\session\Default\IndexedDB\https_web.whatsapp.com_0.indexeddb.leveldb/LOCK: File currently in use. (ChromeMethodBFE: 15::LockFile::2)
[1203/002303.321:ERROR:leveldb_factory.cc(88)] Failed to open LevelDB database from D:\wabot\.wwebjs_auth\session\Default\IndexedDB\https_web.whatsapp.com_0.indexeddb.leveldb,IO error: D:\wabot\.wwebjs_auth\session\Default\IndexedDB\https_web.whatsapp.com_0.indexeddb.leveldb/LOCK: File currently in use. (ChromeMethodBFE: 15::LockFile::2)
[1203/002304.333:ERROR:leveldb_factory.cc(88)] Failed to open LevelDB database from D:\wabot\.wwebjs_auth\session\Default\IndexedDB\https_web.whatsapp.com_0.indexeddb.leveldb,IO error: D:\wabot\.wwebjs_auth\session\Default\IndexedDB\https_web.whatsapp.com_0.indexeddb.leveldb/LOCK: File currently in use. (ChromeMethodBFE: 15::LockFile::2)
[1203/002305.352:ERROR:leveldb_factory.cc(88)] Failed to open LevelDB database from D:\wabot\.wwebjs_auth\session\Default\IndexedDB\https_web.whatsapp.com_0.indexeddb.leveldb,IO error: D:\wabot\.wwebjs_auth\session\Default\IndexedDB\https_web.whatsapp.com_0.indexeddb.leveldb/LOCK: File currently in use. (ChromeMethodBFE: 15::LockFile::2)
[1203/002306.375:ERROR:leveldb_factory.cc(88)] Failed to open LevelDB database from D:\wabot\.wwebjs_auth\session\Default\IndexedDB\https_web.whatsapp.com_0.indexeddb.leveldb,IO error: D:\wabot\.wwebjs_auth\session\Default\IndexedDB\https_web.whatsapp.com_0.indexeddb.leveldb/LOCK: File currently in use. (ChromeMethodBFE: 15::LockFile::2)
[1203/002307.392:ERROR:leveldb_factory.cc(88)] Failed to open LevelDB database from D:\wabot\.wwebjs_auth\session\Default\IndexedDB\https_web.whatsapp.com_0.indexeddb.leveldb,IO error: D:\wabot\.wwebjs_auth\session\Default\IndexedDB\https_web.whatsapp.com_0.indexeddb.leveldb/LOCK: File currently in use. (ChromeMethodBFE: 15::LockFile::2)
[1203/002308.408:ERROR:leveldb_factory.cc(88)] Failed to open LevelDB database from D:\wabot\.wwebjs_auth\session\Default\IndexedDB\https_web.whatsapp.com_0.indexeddb.leveldb,IO error: D:\wabot\.wwebjs_auth\session\Default\IndexedDB\https_web.whatsapp.com_0.indexeddb.leveldb/LOCK: File currently in use. (ChromeMethodBFE: 15::LockFile::2)
[1203/002309.425:ERROR:leveldb_factory.cc(88)] Failed to open LevelDB database from D:\wabot\.wwebjs_auth\session\Default\IndexedDB\https_web.whatsapp.com_0.indexeddb.leveldb,IO error: D:\wabot\.wwebjs_auth\session\Default\IndexedDB\https_web.whatsapp.com_0.indexeddb.leveldb/LOCK: File currently in use. (ChromeMethodBFE: 15::LockFile::2)
[1203/002310.437:ERROR:leveldb_factory.cc(88)] Failed to open LevelDB database from D:\wabot\.wwebjs_auth\session\Default\IndexedDB\https_web.whatsapp.com_0.indexeddb.leveldb,IO error: D:\wabot\.wwebjs_auth\session\Default\IndexedDB\https_web.whatsapp.com_0.indexeddb.leveldb/LOCK: File currently in use. (ChromeMethodBFE: 15::LockFile::2)
[1203/002311.501:ERROR:leveldb_factory.cc(88)] Failed to open LevelDB database from D:\wabot\.wwebjs_auth\session\Default\IndexedDB\https_web.whatsapp.com_0.indexeddb.leveldb,IO error: D:\wabot\.wwebjs_auth\session\Default\IndexedDB\https_web.whatsapp.com_0.indexeddb.leveldb/LOCK: File currently in use. (ChromeMethodBFE: 15::LockFile::2)
[1203/002312.514:ERROR:leveldb_factory.cc(88)] Failed to open LevelDB database from D:\wabot\.wwebjs_auth\session\Default\IndexedDB\https_web.whatsapp.com_0.indexeddb.leveldb,IO error: D:\wabot\.wwebjs_auth\session\Default\IndexedDB\https_web.whatsapp.com_0.indexeddb.leveldb/LOCK: File currently in use. (ChromeMethodBFE: 15::LockFile::2)
